# JRE version: Java(TM) SE Runtime Environment (8.0_131-b11) (build 1.8.0_131-b11)
# Java VM: Java HotSpot(TM) 64-Bit Server VM (25.131-b11 mixed mode windows-amd64 compressed oops)
Heap:
 PSYoungGen      total 70656K, used 64586K [0x00000000d5d00000, 0x00000000dab80000, 0x0000000100000000)
  eden space 62464K, 90% used [0x00000000d5d00000,0x00000000d94141f8,0x00000000d9a00000)
  from space 8192K, 99% used [0x00000000d9a00000,0x00000000da1fe840,0x00000000da200000)
  to   space 8192K, 0% used [0x00000000da200000,0x00000000da200000,0x00000000daa00000)
 ParOldGen       total 89088K, used 10356K [0x0000000081600000, 0x0000000086d00000, 0x00000000d5d00000)
  object space 89088K, 11% used [0x0000000081600000,0x000000008201d2f8,0x0000000086d00000)
 Metaspace       used 47161K, capacity 48256K, committed 48512K, reserved 1091584K
  class space    used 6484K, capacity 6761K, committed 6784K, reserved 1048576K
GC Heap History (10 events):
Event: 6.967 GC heap before
{Heap before GC invocations=9 (full 1):
 PSYoungGen      total 40448K, used 35242K [0x00000000d5d00000, 0x00000000d9d00000, 0x0000000100000000)
  eden space 32256K, 100% used [0x00000000d5d00000,0x00000000d7c80000,0x00000000d7c80000)
  from space 8192K, 36% used [0x00000000d7c80000,0x00000000d7f6a9c0,0x00000000d8480000)
  to   space 8704K, 0% used [0x00000000d9480000,0x00000000d9480000,0x00000000d9d00000)
 ParOldGen       total 58880K, used 6381K [0x0000000081600000, 0x0000000084f80000, 0x00000000d5d00000)
  object space 58880K, 10% used [0x0000000081600000,0x0000000081c3b400,0x0000000084f80000)
 Metaspace       used 27932K, capacity 28724K, committed 28928K, reserved 1075200K
  class space    used 3608K, capacity 3823K, committed 3840K, reserved 1048576K
Event: 6.976 GC heap after
Heap after GC invocations=9 (full 1):
 PSYoungGen      total 56832K, used 3211K [0x00000000d5d00000, 0x00000000d9e00000, 0x0000000100000000)
  eden space 48128K, 0% used [0x00000000d5d00000,0x00000000d5d00000,0x00000000d8c00000)
  from space 8704K, 36% used [0x00000000d9480000,0x00000000d97a2ec8,0x00000000d9d00000)
  to   space 8704K, 0% used [0x00000000d8c00000,0x00000000d8c00000,0x00000000d9480000)
 ParOldGen       total 58880K, used 6389K [0x0000000081600000, 0x0000000084f80000, 0x00000000d5d00000)
  object space 58880K, 10% used [0x0000000081600000,0x0000000081c3d400,0x0000000084f80000)
 Metaspace       used 27932K, capacity 28724K, committed 28928K, reserved 1075200K
  class space    used 3608K, capacity 3823K, committed 3840K, reserved 1048576K
}
Event: 8.172 GC heap before
{Heap before GC invocations=10 (full 1):
 PSYoungGen      total 56832K, used 51339K [0x00000000d5d00000, 0x00000000d9e00000, 0x0000000100000000)
  eden space 48128K, 100% used [0x00000000d5d00000,0x00000000d8c00000,0x00000000d8c00000)
  from space 8704K, 36% used [0x00000000d9480000,0x00000000d97a2ec8,0x00000000d9d00000)
  to   space 8704K, 0% used [0x00000000d8c00000,0x00000000d8c00000,0x00000000d9480000)
 ParOldGen       total 58880K, used 6389K [0x0000000081600000, 0x0000000084f80000, 0x00000000d5d00000)
  object space 58880K, 10% used [0x0000000081600000,0x0000000081c3d400,0x0000000084f80000)
 Metaspace       used 31995K, capacity 32998K, committed 33152K, reserved 1077248K
  class space    used 4158K, capacity 4419K, committed 4480K, reserved 1048576K
Event: 8.180 GC heap after
Heap after GC invocations=10 (full 1):
 PSYoungGen      total 56832K, used 5003K [0x00000000d5d00000, 0x00000000daa00000, 0x0000000100000000)
  eden space 48128K, 0% used [0x00000000d5d00000,0x00000000d5d00000,0x00000000d8c00000)
  from space 8704K, 57% used [0x00000000d8c00000,0x00000000d90e2c10,0x00000000d9480000)
  to   space 8192K, 0% used [0x00000000da200000,0x00000000da200000,0x00000000daa00000)
 ParOldGen       total 58880K, used 6397K [0x0000000081600000, 0x0000000084f80000, 0x00000000d5d00000)
  object space 58880K, 10% used [0x0000000081600000,0x0000000081c3f400,0x0000000084f80000)
 Metaspace       used 31995K, capacity 32998K, committed 33152K, reserved 1077248K
  class space    used 4158K, capacity 4419K, committed 4480K, reserved 1048576K
}
Event: 8.608 GC heap before
{Heap before GC invocations=11 (full 1):
 PSYoungGen      total 56832K, used 17666K [0x00000000d5d00000, 0x00000000daa00000, 0x0000000100000000)
  eden space 48128K, 26% used [0x00000000d5d00000,0x00000000d695dc18,0x00000000d8c00000)
  from space 8704K, 57% used [0x00000000d8c00000,0x00000000d90e2c10,0x00000000d9480000)
  to   space 8192K, 0% used [0x00000000da200000,0x00000000da200000,0x00000000daa00000)
 ParOldGen       total 58880K, used 6397K [0x0000000081600000, 0x0000000084f80000, 0x00000000d5d00000)
  object space 58880K, 10% used [0x0000000081600000,0x0000000081c3f400,0x0000000084f80000)
 Metaspace       used 34479K, capacity 35398K, committed 35496K, reserved 1079296K
  class space    used 4601K, capacity 4835K, committed 4864K, reserved 1048576K
Event: 8.615 GC heap after
Heap after GC invocations=11 (full 1):
 PSYoungGen      total 70656K, used 4461K [0x00000000d5d00000, 0x00000000dab80000, 0x0000000100000000)
  eden space 62464K, 0% used [0x00000000d5d00000,0x00000000d5d00000,0x00000000d9a00000)
  from space 8192K, 54% used [0x00000000da200000,0x00000000da65b540,0x00000000daa00000)
  to   space 8192K, 0% used [0x00000000d9a00000,0x00000000d9a00000,0x00000000da200000)
 ParOldGen       total 58880K, used 6405K [0x0000000081600000, 0x0000000084f80000, 0x00000000d5d00000)
  object space 58880K, 10% used [0x0000000081600000,0x0000000081c41400,0x0000000084f80000)
 Metaspace       used 34479K, capacity 35398K, committed 35496K, reserved 1079296K
  class space    used 4601K, capacity 4835K, committed 4864K, reserved 1048576K
}
Event: 8.615 GC heap before
{Heap before GC invocations=12 (full 2):
 PSYoungGen      total 70656K, used 4461K [0x00000000d5d00000, 0x00000000dab80000, 0x0000000100000000)
  eden space 62464K, 0% used [0x00000000d5d00000,0x00000000d5d00000,0x00000000d9a00000)
  from space 8192K, 54% used [0x00000000da200000,0x00000000da65b540,0x00000000daa00000)
  to   space 8192K, 0% used [0x00000000d9a00000,0x00000000d9a00000,0x00000000da200000)
 ParOldGen       total 58880K, used 6405K [0x0000000081600000, 0x0000000084f80000, 0x00000000d5d00000)
  object space 58880K, 10% used [0x0000000081600000,0x0000000081c41400,0x0000000084f80000)
 Metaspace       used 34479K, capacity 35398K, committed 35496K, reserved 1079296K
  class space    used 4601K, capacity 4835K, committed 4864K, reserved 1048576K
Event: 8.680 GC heap after
Heap after GC invocations=12 (full 2):
 PSYoungGen      total 70656K, used 0K [0x00000000d5d00000, 0x00000000dab80000, 0x0000000100000000)
  eden space 62464K, 0% used [0x00000000d5d00000,0x00000000d5d00000,0x00000000d9a00000)
  from space 8192K, 0% used [0x00000000da200000,0x00000000da200000,0x00000000daa00000)
  to   space 8192K, 0% used [0x00000000d9a00000,0x00000000d9a00000,0x00000000da200000)
 ParOldGen       total 89088K, used 8801K [0x0000000081600000, 0x0000000086d00000, 0x00000000d5d00000)
  object space 89088K, 9% used [0x0000000081600000,0x0000000081e98578,0x0000000086d00000)
 Metaspace       used 34449K, capacity 35348K, committed 35496K, reserved 1079296K
  class space    used 4597K, capacity 4821K, committed 4864K, reserved 1048576K
}
Event: 11.676 GC heap before
{Heap before GC invocations=13 (full 2):
 PSYoungGen      total 70656K, used 62464K [0x00000000d5d00000, 0x00000000dab80000, 0x0000000100000000)
  eden space 62464K, 100% used [0x00000000d5d00000,0x00000000d9a00000,0x00000000d9a00000)
  from space 8192K, 0% used [0x00000000da200000,0x00000000da200000,0x00000000daa00000)
  to   space 8192K, 0% used [0x00000000d9a00000,0x00000000d9a00000,0x00000000da200000)
 ParOldGen       total 89088K, used 8801K [0x0000000081600000, 0x0000000086d00000, 0x00000000d5d00000)
  object space 89088K, 9% used [0x0000000081600000,0x0000000081e98578,0x0000000086d00000)
 Metaspace       used 41878K, capacity 42984K, committed 43264K, reserved 1087488K
  class space    used 5781K, capacity 6049K, committed 6144K, reserved 1048576K
Event: 11.695 GC heap after
Heap after GC invocations=13 (full 2):
 PSYoungGen      total 70656K, used 8186K [0x00000000d5d00000, 0x00000000dab80000, 0x0000000100000000)
  eden space 62464K, 0% used [0x00000000d5d00000,0x00000000d5d00000,0x00000000d9a00000)
  from space 8192K, 99% used [0x00000000d9a00000,0x00000000da1fe840,0x00000000da200000)
  to   space 8192K, 0% used [0x00000000da200000,0x00000000da200000,0x00000000daa00000)
 ParOldGen       total 89088K, used 10356K [0x0000000081600000, 0x0000000086d00000, 0x00000000d5d00000)
  object space 89088K, 11% used [0x0000000081600000,0x000000008201d2f8,0x0000000086d00000)
 Metaspace       used 41878K, capacity 42984K, committed 43264K, reserved 1087488K
  class space    used 5781K, capacity 6049K, committed 6144K, reserved 1048576K
}

